lock no existe
lock no existe
date: 2014-06-26 13:38:48.667642
fecha: 2014-06-26_13:38:48
ayer: 2014-06-25 13:38:48.667642
fecha2: 2014-06-25
(1) fichero: ais_marinetraffic_2014-06-25_00:00:01_UTC.kml.csv
COPY marine_traffic.ais_raw (name, mmsi, ship_cargo_name, sog, cog, latitude, longitude, status, date_time) FROM '/data/archive/ais/mt//ais_marinetraffic_2014-06-25_00:00:01_UTC.kml.csv' WITH DELIMITER ';' CSV HEADER;
va a ejecutar
a comiteado
(2) fichero: ais_marinetraffic_2014-06-25_00:10:01_UTC.kml.csv
COPY marine_traffic.ais_raw (name, mmsi, ship_cargo_name, sog, cog, latitude, longitude, status, date_time) FROM '/data/archive/ais/mt//ais_marinetraffic_2014-06-25_00:10:01_UTC.kml.csv' WITH DELIMITER ';' CSV HEADER;
va a ejecutar
a comiteado
(3) fichero: ais_marinetraffic_2014-06-25_00:20:02_UTC.kml.csv
COPY marine_traffic.ais_raw (name, mmsi, ship_cargo_name, sog, cog, latitude, longitude, status, date_time) FROM '/data/archive/ais/mt//ais_marinetraffic_2014-06-25_00:20:02_UTC.kml.csv' WITH DELIMITER ';' CSV HEADER;
va a ejecutar
a comiteado
(4) fichero: ais_marinetraffic_2014-06-25_00:30:02_UTC.kml.csv
COPY marine_traffic.ais_raw (name, mmsi, ship_cargo_name, sog, cog, latitude, longitude, status, date_time) FROM '/data/archive/ais/mt//ais_marinetraffic_2014-06-25_00:30:02_UTC.kml.csv' WITH DELIMITER ';' CSV HEADER;
va a ejecutar
a comiteado
(5) fichero: ais_marinetraffic_2014-06-25_00:40:01_UTC.kml.csv
COPY marine_traffic.ais_raw (name, mmsi, ship_cargo_name, sog, cog, latitude, longitude, status, date_time) FROM '/data/archive/ais/mt//ais_marinetraffic_2014-06-25_00:40:01_UTC.kml.csv' WITH DELIMITER ';' CSV HEADER;
va a ejecutar
a comiteado
(6) fichero: ais_marinetraffic_2014-06-25_00:50:01_UTC.kml.csv
COPY marine_traffic.ais_raw (name, mmsi, ship_cargo_name, sog, cog, latitude, longitude, status, date_time) FROM '/data/archive/ais/mt//ais_marinetraffic_2014-06-25_00:50:01_UTC.kml.csv' WITH DELIMITER ';' CSV HEADER;
va a ejecutar
a comiteado
(7) fichero: ais_marinetraffic_2014-06-25_01:00:01_UTC.kml.csv
COPY marine_traffic.ais_raw (name, mmsi, ship_cargo_name, sog, cog, latitude, longitude, status, date_time) FROM '/data/archive/ais/mt//ais_marinetraffic_2014-06-25_01:00:01_UTC.kml.csv' WITH DELIMITER ';' CSV HEADER;
va a ejecutar
a comiteado
(8) fichero: ais_marinetraffic_2014-06-25_01:10:01_UTC.kml.csv
COPY marine_traffic.ais_raw (name, mmsi, ship_cargo_name, sog, cog, latitude, longitude, status, date_time) FROM '/data/archive/ais/mt//ais_marinetraffic_2014-06-25_01:10:01_UTC.kml.csv' WITH DELIMITER ';' CSV HEADER;
va a ejecutar
a comiteado
(9) fichero: ais_marinetraffic_2014-06-25_01:20:01_UTC.kml.csv
COPY marine_traffic.ais_raw (name, mmsi, ship_cargo_name, sog, cog, latitude, longitude, status, date_time) FROM '/data/archive/ais/mt//ais_marinetraffic_2014-06-25_01:20:01_UTC.kml.csv' WITH DELIMITER ';' CSV HEADER;
va a ejecutar
a comiteado
(10) fichero: ais_marinetraffic_2014-06-25_01:30:01_UTC.kml.csv
COPY marine_traffic.ais_raw (name, mmsi, ship_cargo_name, sog, cog, latitude, longitude, status, date_time) FROM '/data/archive/ais/mt//ais_marinetraffic_2014-06-25_01:30:01_UTC.kml.csv' WITH DELIMITER ';' CSV HEADER;
va a ejecutar
a comiteado
(11) fichero: ais_marinetraffic_2014-06-25_01:40:01_UTC.kml.csv
COPY marine_traffic.ais_raw (name, mmsi, ship_cargo_name, sog, cog, latitude, longitude, status, date_time) FROM '/data/archive/ais/mt//ais_marinetraffic_2014-06-25_01:40:01_UTC.kml.csv' WITH DELIMITER ';' CSV HEADER;
va a ejecutar
a comiteado
(12) fichero: ais_marinetraffic_2014-06-25_01:50:02_UTC.kml.csv
COPY marine_traffic.ais_raw (name, mmsi, ship_cargo_name, sog, cog, latitude, longitude, status, date_time) FROM '/data/archive/ais/mt//ais_marinetraffic_2014-06-25_01:50:02_UTC.kml.csv' WITH DELIMITER ';' CSV HEADER;
va a ejecutar
a comiteado
(13) fichero: ais_marinetraffic_2014-06-25_02:00:01_UTC.kml.csv
COPY marine_traffic.ais_raw (name, mmsi, ship_cargo_name, sog, cog, latitude, longitude, status, date_time) FROM '/data/archive/ais/mt//ais_marinetraffic_2014-06-25_02:00:01_UTC.kml.csv' WITH DELIMITER ';' CSV HEADER;
va a ejecutar
a comiteado
(14) fichero: ais_marinetraffic_2014-06-25_02:10:02_UTC.kml.csv
COPY marine_traffic.ais_raw (name, mmsi, ship_cargo_name, sog, cog, latitude, longitude, status, date_time) FROM '/data/archive/ais/mt//ais_marinetraffic_2014-06-25_02:10:02_UTC.kml.csv' WITH DELIMITER ';' CSV HEADER;
va a ejecutar
a comiteado
(15) fichero: ais_marinetraffic_2014-06-25_02:20:01_UTC.kml.csv
COPY marine_traffic.ais_raw (name, mmsi, ship_cargo_name, sog, cog, latitude, longitude, status, date_time) FROM '/data/archive/ais/mt//ais_marinetraffic_2014-06-25_02:20:01_UTC.kml.csv' WITH DELIMITER ';' CSV HEADER;
va a ejecutar
a comiteado
(16) fichero: ais_marinetraffic_2014-06-25_02:30:01_UTC.kml.csv
COPY marine_traffic.ais_raw (name, mmsi, ship_cargo_name, sog, cog, latitude, longitude, status, date_time) FROM '/data/archive/ais/mt//ais_marinetraffic_2014-06-25_02:30:01_UTC.kml.csv' WITH DELIMITER ';' CSV HEADER;
va a ejecutar
a comiteado
(17) fichero: ais_marinetraffic_2014-06-25_02:40:01_UTC.kml.csv
COPY marine_traffic.ais_raw (name, mmsi, ship_cargo_name, sog, cog, latitude, longitude, status, date_time) FROM '/data/archive/ais/mt//ais_marinetraffic_2014-06-25_02:40:01_UTC.kml.csv' WITH DELIMITER ';' CSV HEADER;
va a ejecutar
a comiteado
(18) fichero: ais_marinetraffic_2014-06-25_02:50:01_UTC.kml.csv
COPY marine_traffic.ais_raw (name, mmsi, ship_cargo_name, sog, cog, latitude, longitude, status, date_time) FROM '/data/archive/ais/mt//ais_marinetraffic_2014-06-25_02:50:01_UTC.kml.csv' WITH DELIMITER ';' CSV HEADER;
va a ejecut